<?xml version="1.0" encoding="UTF-8"?>
<!-- Generated by org.testng.reporters.JUnitReportReporter -->
<testsuite hostname="RFL315.local" failures="0" tests="1" name="testcase.TC01ChangeDateTest" time="36.602" errors="0" timestamp="01 Dec 2022 10:16:03 GMT" skipped="0">
  <testcase classname="testcase.TC01ChangeDateTest" name="changeDate" time="36.602"/>
</testsuite> <!-- testcase.TC01ChangeDateTest -->
