<?xml version="1.0" encoding="UTF-8"?>
<!-- Generated by org.testng.reporters.JUnitReportReporter -->
<testsuite hostname="RFL315.local" failures="0" tests="1" name="testcase.TC01ChangeDateTest" time="32.094" errors="0" timestamp="29 Nov 2022 20:58:24 GMT" skipped="0">
  <testcase classname="testcase.TC01ChangeDateTest" name="changeDate" time="32.094"/>
</testsuite> <!-- testcase.TC01ChangeDateTest -->
