<?xml version="1.0" encoding="UTF-8"?>
<!-- Generated by org.testng.reporters.JUnitReportReporter -->
<testsuite hostname="RFL315.local" failures="0" tests="1" name="testcase.TC02EnterAndCompareTextTest" time="16.601" errors="0" timestamp="29 Nov 2022 20:58:24 GMT" skipped="0">
  <testcase classname="testcase.TC02EnterAndCompareTextTest" name="getText" time="16.601"/>
</testsuite> <!-- testcase.TC02EnterAndCompareTextTest -->
