<?xml version="1.0" encoding="UTF-8"?>
<!-- Generated by org.testng.reporters.JUnitReportReporter -->
<testsuite hostname="RFL315.local" failures="0" tests="1" name="testcase.TC02EnterAndCompareTextTest" time="6.857" errors="0" timestamp="30 Nov 2022 13:40:12 GMT" skipped="0">
  <testcase classname="testcase.TC02EnterAndCompareTextTest" name="getText" time="6.857"/>
</testsuite> <!-- testcase.TC02EnterAndCompareTextTest -->
